Run dir: /Users/lxx/Documents/codes/st-missing-fill/logs/xlx
Args:
{
  "models": "mymodel,vcaan,locf,knn,mice,saits,itransformer,grud",
  "patterns": "mcar,seq,scm",
  "pis": "0.1,0.3,0.5",
  "seed": null,
  "window_size": 144,
  "epochs": 5,
  "batch_size": 64,
  "max_windows": null,
  "patience": 1,
  "run_name": "xlx",
  "mode": "all",
  "quiet_train": true,
  "knn_chunk_steps": 1008,
  "mice_chunk_steps": 720,
  "knn_neighbors": 5,
  "mice_max_iter": 8,
  "mice_tol": 0.001,
  "mice_show_warnings": false,
  "seq_n1": 24,
  "seq_p1": 0.5,
  "seq_l_obse_base": 10,
  "seq_p0": 0.5,
  "scm_pi_hat": 0.95,
  "hpo_trials": 5,
  "train_start": "2023-01-01",
  "train_end": "2023-01-31",
  "val_start": "2023-02-01",
  "val_end": "2023-02-28",
  "test_start": "2023-03-01",
  "test_end": "2023-03-31"
}
Using device: mps
Loaded ground_X=(112, 7, 105264), ground_y=(112, 105264), splits train=(112, 4464), val=(112, 4032), test=(112, 4464)
Stations=112, target=wind_speed
Model          | Pattern   | PI    | Test RMSE  | Time(s)  | Status
-----------------------------------------------------------------
mymodel        | mcar      | 0.10  | -          | -        | ⏳mymodel        | mcar      | 0.10  | 2.5869     | 148.68   | ✅
vcaan          | mcar      | 0.10  | -          | -        | ⏳vcaan          | mcar      | 0.10  | 3.6251     | 0.75     | ✅
locf           | mcar      | 0.10  | -          | -        | ⏳locf           | mcar      | 0.10  | 3.6560     | 0.01     | ✅
knn            | mcar      | 0.10  | -          | -        | ⏳knn            | mcar      | 0.10  | 3.7117     | 6.31     | ✅
mice           | mcar      | 0.10  | -          | -        | ⏳mice           | mcar      | 0.10  | 3.7249     | 4.94     | ✅
saits          | mcar      | 0.10  | -          | -        | ⏳saits          | mcar      | 0.10  | 3.5623     | 123.73   | ✅
itransformer   | mcar      | 0.10  | -          | -        | ⏳itransformer   | mcar      | 0.10  | 3.5742     | 22.07    | ✅
grud           | mcar      | 0.10  | -          | -        | ⏳grud           | mcar      | 0.10  | 3.5792     | 94.48    | ✅
mymodel        | mcar      | 0.30  | -          | -        | ⏳mymodel        | mcar      | 0.30  | 3.2852     | 146.91   | ✅
vcaan          | mcar      | 0.30  | -          | -        | ⏳vcaan          | mcar      | 0.30  | 3.7691     | 0.85     | ✅
locf           | mcar      | 0.30  | -          | -        | ⏳locf           | mcar      | 0.30  | 3.7805     | 0.02     | ✅
knn            | mcar      | 0.30  | -          | -        | ⏳knn            | mcar      | 0.30  | 3.7854     | 6.57     | ✅
mice           | mcar      | 0.30  | -          | -        | ⏳mice           | mcar      | 0.30  | 3.7935     | 5.26     | ✅
saits          | mcar      | 0.30  | -          | -        | ⏳saits          | mcar      | 0.30  | 3.5372     | 129.94   | ✅
itransformer   | mcar      | 0.30  | -          | -        | ⏳itransformer   | mcar      | 0.30  | 3.5510     | 25.37    | ✅
grud           | mcar      | 0.30  | -          | -        | ⏳grud           | mcar      | 0.30  | 3.5539     | 93.63    | ✅
mymodel        | mcar      | 0.50  | -          | -        | ⏳